19:55:54 [INFO] starting tacky-borders
19:55:54 [INFO] generating default config in C:\Users\Pram\.config\tacky-borders
19:55:54 [INFO] border is disabled for HWND(0x405da)
19:55:54 [INFO] border is disabled for HWND(0x902e4)
19:55:58 [ERROR] could not set window position for HWND(0x400a8): Access is denied. (0x80070005)
19:55:58 [ERROR] could not set window position for HWND(0x400a8): Access is denied. (0x80070005)
19:55:58 [ERROR] could not set window position for HWND(0x400a8): Access is denied. (0x80070005)
19:56:17 [ERROR] could not set window position for HWND(0x400a8): Access is denied. (0x80070005)
19:56:17 [ERROR] could not set window position for HWND(0x400a8): Access is denied. (0x80070005)
19:56:17 [ERROR] could not set window position for HWND(0x400a8): Access is denied. (0x80070005)
19:57:28 [ERROR] could not set window position for HWND(0x400a8): Access is denied. (0x80070005)
19:57:29 [ERROR] could not set window position for HWND(0x400a8): Access is denied. (0x80070005)
19:57:29 [ERROR] could not set window position for HWND(0x400a8): Access is denied. (0x80070005)
19:57:42 [INFO] border is disabled for HWND(0x540764)
20:01:39 [INFO] border is disabled for HWND(0x505da)
20:04:21 [INFO] border is disabled for HWND(0xc04b0)
20:04:28 [INFO] border is disabled for HWND(0x18093a)
20:05:24 [INFO] border is disabled for HWND(0xd04b0)
20:05:24 [INFO] border is disabled for HWND(0x705da)
20:05:27 [ERROR] could not set window position for HWND(0x400a8): Access is denied. (0x80070005)
20:05:27 [ERROR] could not set window position for HWND(0x400a8): Access is denied. (0x80070005)
20:05:27 [ERROR] could not set window position for HWND(0x400a8): Access is denied. (0x80070005)
20:05:36 [ERROR] could not set window position for HWND(0x400a8): Access is denied. (0x80070005)
20:05:36 [ERROR] could not set window position for HWND(0x400a8): Access is denied. (0x80070005)
20:05:36 [ERROR] could not set window position for HWND(0x400a8): Access is denied. (0x80070005)
20:05:39 [ERROR] could not set window position for HWND(0x400a8): Access is denied. (0x80070005)
20:05:39 [ERROR] could not set window position for HWND(0x400a8): Access is denied. (0x80070005)
20:05:39 [ERROR] could not set window position for HWND(0x400a8): Access is denied. (0x80070005)
20:05:39 [ERROR] could not set window position for HWND(0x400a8): Access is denied. (0x80070005)
20:05:53 [INFO] border is disabled for HWND(0x505fc)
20:05:57 [ERROR] could not get window rect for HWND(0x40812): The handle is invalid. (0x80070006)
20:06:44 [INFO] border is disabled for HWND(0xe04b0)
20:06:44 [INFO] border is disabled for HWND(0x100266)
20:07:09 [INFO] border is disabled for HWND(0x110266)
20:07:10 [INFO] border is disabled for HWND(0xa0500)
20:07:26 [INFO] border is disabled for HWND(0x70832)
20:07:26 [INFO] border is disabled for HWND(0xa05a8)
20:07:56 [INFO] border is disabled for HWND(0x80832)
20:08:08 [INFO] border is disabled for HWND(0x90832)
20:08:56 [INFO] border is disabled for HWND(0x101f2)
20:08:56 [INFO] border is disabled for HWND(0x201cc)
20:09:59 [INFO] border is disabled for HWND(0x101f2)
20:09:59 [INFO] border is disabled for HWND(0x201cc)
20:10:00 [INFO] border is disabled for HWND(0xf04b2)
20:10:35 [INFO] border is disabled for HWND(0x101f2)
20:10:35 [INFO] border is disabled for HWND(0x201cc)
20:12:22 [INFO] border is disabled for HWND(0x505fc)
20:12:41 [INFO] border is disabled for HWND(0x505fc)
20:14:29 [INFO] border is disabled for HWND(0x505fc)
20:15:16 [INFO] border is disabled for HWND(0x505fc)
20:18:56 [INFO] border is disabled for HWND(0x30502)
20:19:20 [INFO] border is disabled for HWND(0x30502)
20:20:10 [INFO] border is disabled for HWND(0x30502)
20:21:21 [INFO] border is disabled for HWND(0x30502)
20:21:28 [ERROR] could not set window position for HWND(0x1708d8): Access is denied. (0x80070005)
20:21:28 [ERROR] could not set window position for HWND(0x1708d8): Access is denied. (0x80070005)
20:21:45 [ERROR] could not set window position for HWND(0x1708d8): Access is denied. (0x80070005)
20:21:45 [ERROR] could not set window position for HWND(0x1708d8): Access is denied. (0x80070005)
20:22:06 [INFO] border is disabled for HWND(0x30502)
20:22:07 [INFO] border is disabled for HWND(0x30502)
20:22:07 [INFO] border is disabled for HWND(0x30502)
20:22:09 [ERROR] could not set window position for HWND(0x1708d8): Access is denied. (0x80070005)
20:22:09 [ERROR] could not set window position for HWND(0x1708d8): Access is denied. (0x80070005)
20:22:15 [INFO] border is disabled for HWND(0x30502)
20:22:33 [ERROR] could not set window position for HWND(0x907f2): Access is denied. (0x80070005)
20:22:33 [ERROR] could not set window position for HWND(0x907f2): Access is denied. (0x80070005)
20:25:10 [ERROR] could not set window position for HWND(0x2700c0): Access is denied. (0x80070005)
20:25:10 [ERROR] could not set window position for HWND(0x2700c0): Access is denied. (0x80070005)
20:25:10 [ERROR] could not set window position for HWND(0x2700c0): Access is denied. (0x80070005)
20:25:46 [ERROR] could not set window position for HWND(0x2a00c0): Access is denied. (0x80070005)
20:25:46 [ERROR] could not set window position for HWND(0x2a00c0): Access is denied. (0x80070005)
20:25:46 [ERROR] could not set window position for HWND(0x2a00c0): Access is denied. (0x80070005)
20:26:58 [ERROR] could not set window position for HWND(0x2e00c0): Access is denied. (0x80070005)
20:26:58 [ERROR] could not set window position for HWND(0x2e00c0): Access is denied. (0x80070005)
20:26:58 [ERROR] could not set window position for HWND(0x2e00c0): Access is denied. (0x80070005)
20:28:27 [INFO] border is disabled for HWND(0x101f2)
20:28:27 [INFO] border is disabled for HWND(0x201cc)
20:28:34 [ERROR] could not set window position for HWND(0x200312): Access is denied. (0x80070005)
20:28:34 [ERROR] could not set window position for HWND(0x200312): Access is denied. (0x80070005)
20:29:12 [INFO] border is disabled for HWND(0x30502)
20:29:13 [INFO] border is disabled for HWND(0x30502)
20:29:16 [INFO] border is disabled for HWND(0x30502)
20:29:21 [INFO] border is disabled for HWND(0x30502)
20:30:43 [INFO] border is disabled for HWND(0xf04b2)
20:31:12 [INFO] border is disabled for HWND(0xa0832)
20:31:29 [INFO] border is disabled for HWND(0xb0832)
20:32:15 [INFO] border is disabled for HWND(0x30502)
20:32:20 [INFO] border is disabled for HWND(0xc0832)
20:32:23 [INFO] border is disabled for HWND(0x30502)
20:32:27 [INFO] border is disabled for HWND(0xd0832)
20:32:32 [INFO] border is disabled for HWND(0x1804d0)
20:34:51 [INFO] border is disabled for HWND(0xa065c)
20:34:56 [INFO] border is disabled for HWND(0xa065c)
20:35:21 [INFO] border is disabled for HWND(0xf04b2)
20:36:02 [INFO] border is disabled for HWND(0x30502)
20:36:21 [INFO] border is disabled for HWND(0x30502)
20:36:23 [INFO] border is disabled for HWND(0x30502)
20:36:23 [INFO] border is disabled for HWND(0x30502)
20:36:30 [INFO] border is disabled for HWND(0xf04b2)
20:36:50 [INFO] border is disabled for HWND(0xf04b2)
20:39:00 [INFO] border is disabled for HWND(0x30502)
20:39:23 [INFO] border is disabled for HWND(0x30502)
20:39:38 [INFO] border is disabled for HWND(0xf04b2)
20:45:42 [INFO] border is disabled for HWND(0xf04b2)
20:45:45 [INFO] border is disabled for HWND(0xf04b2)
20:56:11 [INFO] starting tacky-borders
20:56:11 [INFO] border is disabled for HWND(0xb05c0)
20:56:11 [INFO] border is disabled for HWND(0x70776)
20:56:11 [INFO] border is disabled for HWND(0x1904c6)
20:56:22 [ERROR] could not set window position for HWND(0xd071c): Access is denied. (0x80070005)
20:56:22 [ERROR] could not set window position for HWND(0xd071c): Access is denied. (0x80070005)
20:56:52 [INFO] border is disabled for HWND(0x101f2)
20:56:52 [INFO] border is disabled for HWND(0x201cc)
20:56:57 [ERROR] could not set window position for HWND(0xd071c): Access is denied. (0x80070005)
20:56:57 [ERROR] could not set window position for HWND(0xd071c): Access is denied. (0x80070005)
20:56:57 [ERROR] could not set window position for HWND(0xd071c): Access is denied. (0x80070005)
20:56:59 [ERROR] could not set window position for HWND(0xd071c): Access is denied. (0x80070005)
20:56:59 [ERROR] could not set window position for HWND(0xd071c): Access is denied. (0x80070005)
20:56:59 [ERROR] could not set window position for HWND(0xd071c): Access is denied. (0x80070005)
21:02:30 [ERROR] could not set window position for HWND(0x23033a): Access is denied. (0x80070005)
21:02:30 [ERROR] could not set window position for HWND(0x23033a): Access is denied. (0x80070005)
21:02:55 [ERROR] could not set window position for HWND(0x180aea): Access is denied. (0x80070005)
21:02:55 [ERROR] could not set window position for HWND(0x180aea): Access is denied. (0x80070005)
21:03:17 [INFO] border is disabled for HWND(0x101f2)
21:03:17 [INFO] border is disabled for HWND(0x201cc)
21:04:06 [INFO] border is disabled for HWND(0x101f2)
21:04:06 [INFO] border is disabled for HWND(0x201cc)
21:04:29 [INFO] border is disabled for HWND(0x101f2)
21:04:29 [INFO] border is disabled for HWND(0x201cc)
21:04:32 [INFO] border is disabled for HWND(0xa065c)
21:14:35 [INFO] border is disabled for HWND(0x101f2)
21:14:35 [INFO] border is disabled for HWND(0x201cc)
21:14:39 [ERROR] could not set window position for HWND(0x170886): Access is denied. (0x80070005)
21:14:39 [ERROR] could not set window position for HWND(0x170886): Access is denied. (0x80070005)
21:14:41 [ERROR] could not set window position for HWND(0x9b0610): Access is denied. (0x80070005)
21:14:41 [ERROR] could not set window position for HWND(0x9b0610): Access is denied. (0x80070005)
21:14:42 [ERROR] could not set window position for HWND(0x1909de): Access is denied. (0x80070005)
21:14:42 [ERROR] could not set window position for HWND(0x1909de): Access is denied. (0x80070005)
21:17:29 [INFO] border is disabled for HWND(0x101f2)
21:17:29 [INFO] border is disabled for HWND(0x201cc)
21:17:31 [ERROR] could not set window position for HWND(0x670b82): Access is denied. (0x80070005)
21:17:31 [ERROR] could not set window position for HWND(0x670b82): Access is denied. (0x80070005)
21:17:32 [ERROR] could not set window position for HWND(0x4709c8): Access is denied. (0x80070005)
21:17:32 [ERROR] could not set window position for HWND(0x4709c8): Access is denied. (0x80070005)
21:17:34 [ERROR] could not set window position for HWND(0x3107e8): Access is denied. (0x80070005)
21:17:34 [ERROR] could not set window position for HWND(0x3107e8): Access is denied. (0x80070005)
21:23:12 [INFO] border is disabled for HWND(0x101f2)
21:23:12 [INFO] border is disabled for HWND(0x201cc)
21:31:18 [INFO] border is disabled for HWND(0xf04b2)
21:36:26 [INFO] border is disabled for HWND(0x101f2)
21:36:26 [INFO] border is disabled for HWND(0x201cc)
21:37:08 [ERROR] could not set window position for HWND(0x160952): Access is denied. (0x80070005)
21:37:08 [ERROR] could not set window position for HWND(0x160952): Access is denied. (0x80070005)
21:46:29 [INFO] border is disabled for HWND(0x101f2)
21:46:29 [INFO] border is disabled for HWND(0x201cc)
21:48:01 [INFO] border is disabled for HWND(0xf04b2)
21:54:31 [ERROR] could not set window position for HWND(0xb0794): Access is denied. (0x80070005)
21:54:31 [ERROR] could not set window position for HWND(0xb0794): Access is denied. (0x80070005)
21:54:31 [ERROR] could not set window position for HWND(0xb0794): Access is denied. (0x80070005)
21:54:31 [ERROR] could not set window position for HWND(0xb0794): Access is denied. (0x80070005)
21:54:31 [ERROR] could not set window position for HWND(0xb0794): Access is denied. (0x80070005)
21:54:31 [ERROR] could not set window position for HWND(0xb0794): Access is denied. (0x80070005)
21:54:31 [ERROR] could not set window position for HWND(0x70430): Access is denied. (0x80070005)
21:54:31 [ERROR] could not set window position for HWND(0x70430): Access is denied. (0x80070005)
21:54:31 [ERROR] could not set window position for HWND(0x70430): Access is denied. (0x80070005)
21:54:31 [ERROR] could not set window position for HWND(0x70430): Access is denied. (0x80070005)
21:57:49 [ERROR] could not set window position for HWND(0xf0680): Access is denied. (0x80070005)
21:57:49 [ERROR] could not set window position for HWND(0xf0680): Access is denied. (0x80070005)
21:57:49 [ERROR] could not set window position for HWND(0xf0680): Access is denied. (0x80070005)
21:57:49 [ERROR] could not set window position for HWND(0xf0680): Access is denied. (0x80070005)
21:57:49 [ERROR] could not set window position for HWND(0xf0680): Access is denied. (0x80070005)
21:57:49 [ERROR] could not set window position for HWND(0xf0680): Access is denied. (0x80070005)
21:57:49 [ERROR] could not get window rect for HWND(0x330872): The handle is invalid. (0x80070006)
21:57:50 [ERROR] could not get window rect for HWND(0x340872): The handle is invalid. (0x80070006)
21:57:50 [ERROR] could not set window position for HWND(0x3808c6): Access is denied. (0x80070005)
21:57:50 [ERROR] could not set window position for HWND(0x3808c6): Access is denied. (0x80070005)
21:57:50 [ERROR] could not set window position for HWND(0x3808c6): Access is denied. (0x80070005)
22:03:22 [ERROR] could not set window position for HWND(0x310420): Access is denied. (0x80070005)
22:03:23 [ERROR] could not set window position for HWND(0x310420): Access is denied. (0x80070005)
22:03:23 [ERROR] could not set window position for HWND(0x310420): Access is denied. (0x80070005)
22:10:24 [INFO] border is disabled for HWND(0x101f2)
22:10:24 [INFO] border is disabled for HWND(0x201cc)
22:46:40 [INFO] border is disabled for HWND(0xf04b2)
22:49:43 [INFO] border is disabled for HWND(0x4a08ac)
22:59:55 [INFO] border is disabled for HWND(0xf04b2)
22:59:59 [INFO] border is disabled for HWND(0xf04b2)
23:00:57 [INFO] border is disabled for HWND(0xf04b2)
23:15:57 [ERROR] could not set window position for HWND(0x7b066c): Access is denied. (0x80070005)
23:15:57 [ERROR] could not set window position for HWND(0x7b066c): Access is denied. (0x80070005)
23:16:18 [ERROR] could not set window position for HWND(0x140b74): Access is denied. (0x80070005)
23:16:18 [ERROR] could not set window position for HWND(0x140b74): Access is denied. (0x80070005)
23:16:18 [ERROR] could not set window position for HWND(0x140b74): Access is denied. (0x80070005)
23:16:35 [INFO] border is disabled for HWND(0x101f2)
23:16:35 [INFO] border is disabled for HWND(0x201cc)
23:18:00 [INFO] border is disabled for HWND(0x2108de)
23:18:04 [INFO] border is disabled for HWND(0x30502)
23:18:43 [INFO] border is disabled for HWND(0x704ba)
23:18:52 [INFO] border is disabled for HWND(0x101f2)
23:18:52 [INFO] border is disabled for HWND(0x201cc)
23:22:19 [INFO] border is disabled for HWND(0x101f2)
23:22:19 [INFO] border is disabled for HWND(0x201cc)
23:22:57 [INFO] border is disabled for HWND(0x30502)
23:22:57 [INFO] border is disabled for HWND(0x30502)
23:22:58 [INFO] border is disabled for HWND(0x30502)
23:23:01 [INFO] border is disabled for HWND(0x30502)
23:23:02 [INFO] border is disabled for HWND(0x101f2)
23:23:02 [INFO] border is disabled for HWND(0x201cc)
23:23:11 [INFO] border is disabled for HWND(0x30502)
23:24:26 [INFO] border is disabled for HWND(0x30502)
23:24:36 [INFO] border is disabled for HWND(0x19052a)
23:24:36 [INFO] border is disabled for HWND(0x270b76)
23:24:44 [INFO] border is disabled for HWND(0x1a0baa)
23:24:44 [INFO] border is disabled for HWND(0xd05c0)
23:24:53 [INFO] border is disabled for HWND(0x30502)
23:24:56 [INFO] border is disabled for HWND(0xf04b2)
23:28:47 [INFO] border is disabled for HWND(0x101f2)
23:28:47 [INFO] border is disabled for HWND(0x201cc)
23:29:05 [INFO] border is disabled for HWND(0x1b0baa)
23:29:10 [INFO] border is disabled for HWND(0x101f2)
23:29:10 [INFO] border is disabled for HWND(0x201cc)
23:30:16 [INFO] starting tacky-borders
23:30:51 [INFO] border is disabled for HWND(0x106a6)
23:30:52 [INFO] border is disabled for HWND(0x206a6)
23:32:12 [ERROR] could not set window position for HWND(0x406f8): Access is denied. (0x80070005)
23:32:12 [ERROR] could not set window position for HWND(0x406f8): Access is denied. (0x80070005)
23:32:25 [INFO] border is disabled for HWND(0x30716)
23:32:34 [INFO] border is disabled for HWND(0x101e0)
23:32:34 [INFO] border is disabled for HWND(0x201da)
23:33:29 [INFO] starting tacky-borders
23:33:29 [INFO] border is disabled for HWND(0x10484)
23:33:30 [INFO] border is disabled for HWND(0x10486)
23:36:27 [INFO] border is disabled for HWND(0xa0752)
23:37:01 [INFO] border is disabled for HWND(0x407fa)
23:38:18 [INFO] border is disabled for HWND(0x101de)
23:38:18 [INFO] border is disabled for HWND(0x201c4)
10:08:20 [INFO] starting tacky-borders
10:08:20 [INFO] border is disabled for HWND(0x4054e)
10:08:20 [INFO] border is disabled for HWND(0x2057e)
10:08:28 [INFO] border is disabled for HWND(0x10610)
10:09:36 [INFO] border is disabled for HWND(0x3057e)
10:17:22 [INFO] border is disabled for HWND(0xb062c)
10:29:42 [ERROR] could not set window position for HWND(0x8083c): Access is denied. (0x80070005)
10:29:42 [ERROR] could not set window position for HWND(0x8083c): Access is denied. (0x80070005)
10:31:25 [INFO] border is disabled for HWND(0x101d4)
10:31:25 [INFO] border is disabled for HWND(0x201c6)
10:31:54 [ERROR] could not set window position for HWND(0x70646): Access is denied. (0x80070005)
10:31:54 [ERROR] could not set window position for HWND(0x70646): Access is denied. (0x80070005)
10:31:54 [ERROR] could not set window position for HWND(0x70646): Access is denied. (0x80070005)
10:31:58 [INFO] border is disabled for HWND(0x8068e)
10:33:16 [ERROR] could not set window position for HWND(0x90ab6): Access is denied. (0x80070005)
10:33:16 [ERROR] could not set window position for HWND(0x90ab6): Access is denied. (0x80070005)
10:33:16 [ERROR] could not set window position for HWND(0x90ab6): Access is denied. (0x80070005)
10:33:24 [ERROR] could not set window position for HWND(0x90ab6): Access is denied. (0x80070005)
10:33:24 [ERROR] could not set window position for HWND(0x90ab6): Access is denied. (0x80070005)
10:33:28 [ERROR] could not set window position for HWND(0x90ab6): Access is denied. (0x80070005)
10:33:28 [ERROR] could not set window position for HWND(0x90ab6): Access is denied. (0x80070005)
10:33:28 [ERROR] could not set window position for HWND(0x90ab6): Access is denied. (0x80070005)
10:34:11 [ERROR] could not set window position for HWND(0x1407bc): Access is denied. (0x80070005)
10:34:11 [ERROR] could not set window position for HWND(0x1407bc): Access is denied. (0x80070005)
10:43:46 [ERROR] could not set window position for HWND(0x70646): Access is denied. (0x80070005)
10:43:46 [ERROR] could not set window position for HWND(0x70646): Access is denied. (0x80070005)
10:43:46 [ERROR] could not set window position for HWND(0x70646): Access is denied. (0x80070005)
10:47:50 [ERROR] could not set window position for HWND(0x70646): Access is denied. (0x80070005)
10:47:51 [ERROR] could not set window position for HWND(0x70646): Access is denied. (0x80070005)
10:47:51 [ERROR] could not set window position for HWND(0x70646): Access is denied. (0x80070005)
10:47:51 [ERROR] could not set window position for HWND(0x70646): Access is denied. (0x80070005)
10:47:51 [ERROR] could not set window position for HWND(0x70646): Access is denied. (0x80070005)
10:47:51 [ERROR] could not set window position for HWND(0x70646): Access is denied. (0x80070005)
11:17:31 [INFO] border is disabled for HWND(0x8068e)
11:20:22 [INFO] border is disabled for HWND(0xb062c)
11:20:47 [INFO] border is disabled for HWND(0xb062c)
11:24:09 [INFO] border is disabled for HWND(0xb062c)
11:29:30 [INFO] border is disabled for HWND(0xb062c)
11:29:54 [INFO] border is disabled for HWND(0xb062c)
11:33:19 [INFO] border is disabled for HWND(0x2901e2)
11:37:28 [INFO] border is disabled for HWND(0x8068e)
11:38:03 [INFO] border is disabled for HWND(0x50596)
11:38:09 [INFO] border is disabled for HWND(0x908ea)
11:38:28 [INFO] border is disabled for HWND(0x110932)
11:38:30 [INFO] border is disabled for HWND(0x120932)
11:38:53 [INFO] border is disabled for HWND(0x120932)
11:39:06 [INFO] border is disabled for HWND(0x8068e)
11:49:24 [INFO] border is disabled for HWND(0x120932)
11:50:10 [INFO] border is disabled for HWND(0x120932)
11:51:13 [INFO] border is disabled for HWND(0x120932)
11:52:36 [INFO] border is disabled for HWND(0x101d4)
11:52:36 [INFO] border is disabled for HWND(0x201c6)
14:16:48 [INFO] starting tacky-borders
14:16:50 [INFO] border is disabled for HWND(0x303a0)
14:22:53 [INFO] border is disabled for HWND(0x60664)
14:31:49 [INFO] border is disabled for HWND(0x60664)
14:34:23 [INFO] border is disabled for HWND(0x60664)
14:39:17 [INFO] border is disabled for HWND(0x170692)
14:41:28 [INFO] border is disabled for HWND(0x20212)
14:41:28 [INFO] border is disabled for HWND(0x20208)
14:44:30 [INFO] border is disabled for HWND(0x20212)
14:44:30 [INFO] border is disabled for HWND(0x20208)
14:44:33 [ERROR] could not set window position for HWND(0x50706): Access is denied. (0x80070005)
14:44:33 [ERROR] could not set window position for HWND(0x50706): Access is denied. (0x80070005)
14:44:37 [ERROR] could not set window position for HWND(0x606b2): Access is denied. (0x80070005)
14:44:37 [ERROR] could not set window position for HWND(0x606b2): Access is denied. (0x80070005)
14:44:39 [ERROR] could not set window position for HWND(0x2076a): Access is denied. (0x80070005)
14:44:39 [ERROR] could not set window position for HWND(0x2076a): Access is denied. (0x80070005)
14:44:49 [INFO] border is disabled for HWND(0x20212)
14:44:49 [INFO] border is disabled for HWND(0x20208)
14:44:51 [ERROR] could not set window position for HWND(0x50706): Access is denied. (0x80070005)
14:44:51 [ERROR] could not set window position for HWND(0x50706): Access is denied. (0x80070005)
14:44:51 [ERROR] could not set window position for HWND(0x606b2): Access is denied. (0x80070005)
14:44:51 [ERROR] could not set window position for HWND(0x606b2): Access is denied. (0x80070005)
14:44:51 [ERROR] could not set window position for HWND(0x2076a): Access is denied. (0x80070005)
14:44:51 [ERROR] could not set window position for HWND(0x2076a): Access is denied. (0x80070005)
14:44:51 [ERROR] could not set window position for HWND(0x2076a): Access is denied. (0x80070005)
14:44:52 [INFO] border is disabled for HWND(0x20212)
14:44:52 [INFO] border is disabled for HWND(0x20208)
14:45:26 [ERROR] could not set window position for HWND(0x50706): Access is denied. (0x80070005)
14:45:26 [ERROR] could not set window position for HWND(0x606b2): Access is denied. (0x80070005)
14:45:26 [ERROR] could not set window position for HWND(0x50706): Access is denied. (0x80070005)
14:45:26 [ERROR] could not set window position for HWND(0x2076a): Access is denied. (0x80070005)
14:45:26 [ERROR] could not set window position for HWND(0x50706): Access is denied. (0x80070005)
14:45:26 [ERROR] could not set window position for HWND(0x606b2): Access is denied. (0x80070005)
14:45:26 [ERROR] could not set window position for HWND(0x606b2): Access is denied. (0x80070005)
14:45:26 [ERROR] could not set window position for HWND(0x2076a): Access is denied. (0x80070005)
14:45:26 [ERROR] could not set window position for HWND(0x2076a): Access is denied. (0x80070005)
14:45:26 [ERROR] could not set window position for HWND(0x2076a): Access is denied. (0x80070005)
14:45:28 [ERROR] could not set window position for HWND(0x50706): Access is denied. (0x80070005)
14:45:28 [ERROR] could not set window position for HWND(0x50706): Access is denied. (0x80070005)
14:45:28 [ERROR] could not set window position for HWND(0x606b2): Access is denied. (0x80070005)
14:45:28 [ERROR] could not set window position for HWND(0x2076a): Access is denied. (0x80070005)
14:45:28 [ERROR] could not set window position for HWND(0x606b2): Access is denied. (0x80070005)
14:45:28 [ERROR] could not set window position for HWND(0x2076a): Access is denied. (0x80070005)
14:45:28 [ERROR] could not set window position for HWND(0x2076a): Access is denied. (0x80070005)
14:47:39 [INFO] border is disabled for HWND(0x60664)
14:48:19 [ERROR] could not set window position for HWND(0x50706): Access is denied. (0x80070005)
14:48:19 [ERROR] could not set window position for HWND(0x50706): Access is denied. (0x80070005)
14:48:19 [ERROR] could not set window position for HWND(0x606b2): Access is denied. (0x80070005)
14:48:19 [ERROR] could not set window position for HWND(0x606b2): Access is denied. (0x80070005)
14:48:19 [ERROR] could not set window position for HWND(0x2076a): Access is denied. (0x80070005)
14:48:19 [ERROR] could not set window position for HWND(0x2076a): Access is denied. (0x80070005)
14:48:19 [ERROR] could not set window position for HWND(0x2076a): Access is denied. (0x80070005)
14:48:58 [ERROR] could not set window position for HWND(0x60756): Access is denied. (0x80070005)
14:48:58 [ERROR] could not set window position for HWND(0x60756): Access is denied. (0x80070005)
14:48:58 [ERROR] could not set window position for HWND(0x60756): Access is denied. (0x80070005)
14:49:55 [ERROR] could not set window position for HWND(0x60756): Access is denied. (0x80070005)
14:49:55 [ERROR] could not set window position for HWND(0x60756): Access is denied. (0x80070005)
14:49:55 [ERROR] could not set window position for HWND(0x60756): Access is denied. (0x80070005)
14:50:04 [ERROR] could not set window position for HWND(0x60756): Access is denied. (0x80070005)
14:50:04 [ERROR] could not set window position for HWND(0x60756): Access is denied. (0x80070005)
14:50:04 [ERROR] could not set window position for HWND(0x60756): Access is denied. (0x80070005)
14:50:22 [ERROR] could not set window position for HWND(0x60756): Access is denied. (0x80070005)
14:50:22 [ERROR] could not set window position for HWND(0x60756): Access is denied. (0x80070005)
14:50:22 [ERROR] could not set window position for HWND(0x60756): Access is denied. (0x80070005)
14:52:16 [ERROR] could not set window position for HWND(0x5003e): Access is denied. (0x80070005)
14:52:16 [ERROR] could not set window position for HWND(0x5003e): Access is denied. (0x80070005)
14:52:16 [ERROR] could not set window position for HWND(0x5003e): Access is denied. (0x80070005)
14:54:57 [ERROR] could not set window position for HWND(0x5003e): Access is denied. (0x80070005)
14:54:57 [ERROR] could not set window position for HWND(0x5003e): Access is denied. (0x80070005)
14:54:57 [ERROR] could not set window position for HWND(0x5003e): Access is denied. (0x80070005)
14:54:58 [ERROR] could not set window position for HWND(0x5003e): Access is denied. (0x80070005)
14:54:58 [ERROR] could not set window position for HWND(0x5003e): Access is denied. (0x80070005)
14:54:58 [ERROR] could not set window position for HWND(0x5003e): Access is denied. (0x80070005)
14:58:48 [ERROR] could not set window position for HWND(0xa0040): Access is denied. (0x80070005)
14:58:48 [ERROR] could not set window position for HWND(0xa0040): Access is denied. (0x80070005)
14:58:48 [ERROR] could not set window position for HWND(0xa0040): Access is denied. (0x80070005)
15:12:00 [ERROR] could not set window position for HWND(0xb06d2): Access is denied. (0x80070005)
15:12:00 [ERROR] could not set window position for HWND(0xb06d2): Access is denied. (0x80070005)
15:12:00 [ERROR] could not set window position for HWND(0xb06d2): Access is denied. (0x80070005)
15:28:02 [ERROR] could not set window position for HWND(0x7000b6): Access is denied. (0x80070005)
15:28:02 [ERROR] could not set window position for HWND(0x7000b6): Access is denied. (0x80070005)
15:32:07 [INFO] border is disabled for HWND(0x90720)
15:32:40 [INFO] border is disabled for HWND(0x150730)
15:32:57 [INFO] border is disabled for HWND(0x97003e)
15:33:20 [INFO] border is disabled for HWND(0x1b06ea)
15:33:22 [INFO] border is disabled for HWND(0x1c06ea)
15:38:39 [INFO] border is disabled for HWND(0xb06fc)
00:20:47 [INFO] border is disabled for HWND(0x4b0442)
00:22:01 [INFO] border is disabled for HWND(0x20212)
00:22:01 [INFO] border is disabled for HWND(0x20208)
09:27:28 [INFO] starting tacky-borders
09:27:29 [INFO] border is disabled for HWND(0x30098)
09:52:24 [INFO] border is disabled for HWND(0x107f8)
10:03:51 [INFO] border is disabled for HWND(0xc072c)
10:03:53 [INFO] border is disabled for HWND(0x40098)
10:04:00 [INFO] border is disabled for HWND(0x50098)
10:04:20 [INFO] border is disabled for HWND(0xc072c)
10:07:02 [INFO] border is disabled for HWND(0xc072c)
10:07:20 [INFO] border is disabled for HWND(0xc072c)
10:07:57 [INFO] border is disabled for HWND(0xc072c)
10:08:25 [INFO] border is disabled for HWND(0xc072c)
10:09:29 [INFO] border is disabled for HWND(0xc072c)
10:11:43 [INFO] border is disabled for HWND(0x10218)
10:11:43 [INFO] border is disabled for HWND(0x1020e)
10:15:15 [INFO] border is disabled for HWND(0xc072c)
10:18:42 [INFO] border is disabled for HWND(0xc072c)
10:18:53 [INFO] border is disabled for HWND(0xc072c)
10:20:41 [INFO] border is disabled for HWND(0xc072c)
10:21:26 [INFO] border is disabled for HWND(0x10218)
10:21:26 [INFO] border is disabled for HWND(0x1020e)
10:21:32 [INFO] border is disabled for HWND(0xc072c)
10:22:32 [INFO] border is disabled for HWND(0xc072c)
10:22:57 [INFO] border is disabled for HWND(0xc072c)
10:24:52 [INFO] border is disabled for HWND(0xc072c)
10:25:11 [INFO] border is disabled for HWND(0xc072c)
10:25:52 [INFO] border is disabled for HWND(0x10218)
10:25:52 [INFO] border is disabled for HWND(0x1020e)
10:29:41 [INFO] border is disabled for HWND(0xc072c)
10:30:03 [INFO] border is disabled for HWND(0xc072c)
10:32:03 [INFO] border is disabled for HWND(0xa09c6)
10:32:51 [INFO] border is disabled for HWND(0xc072c)
10:44:49 [INFO] border is disabled for HWND(0xa09c6)
10:52:26 [INFO] border is disabled for HWND(0xc072c)
10:52:32 [INFO] border is disabled for HWND(0xc072c)
10:58:36 [INFO] border is disabled for HWND(0x40a06)
10:58:37 [INFO] border is disabled for HWND(0x50a06)
10:59:16 [INFO] border is disabled for HWND(0x160664)
11:19:08 [INFO] border is disabled for HWND(0xc072c)
12:03:49 [INFO] border is disabled for HWND(0xa09c6)
15:59:16 [INFO] border is disabled for HWND(0xc072c)
15:59:17 [INFO] border is disabled for HWND(0x8807a4)
16:21:10 [INFO] border is disabled for HWND(0x8807a4)
16:22:22 [INFO] border is disabled for HWND(0x206f8)
16:24:54 [INFO] border is disabled for HWND(0x206f8)
17:34:55 [INFO] border is disabled for HWND(0x206f8)
17:43:53 [INFO] border is disabled for HWND(0x3d0a6c)
17:52:31 [INFO] border is disabled for HWND(0xc072c)
17:52:59 [INFO] border is disabled for HWND(0xc072c)
17:53:39 [INFO] border is disabled for HWND(0x107f8)
17:55:27 [INFO] border is disabled for HWND(0xc072c)
17:56:36 [INFO] border is disabled for HWND(0xc072c)
17:58:23 [INFO] border is disabled for HWND(0xc072c)
07:02:09 [INFO] border is disabled for HWND(0xc072c)
22:54:34 [INFO] border is disabled for HWND(0x3d0a6c)
22:57:16 [INFO] border is disabled for HWND(0x1020e)
22:57:17 [INFO] border is disabled for HWND(0x10218)
10:32:24 [INFO] starting tacky-borders
10:32:24 [INFO] border is disabled for HWND(0x10564)
10:32:24 [INFO] border is disabled for HWND(0x2055c)
10:32:34 [INFO] border is disabled for HWND(0x10736)
10:32:44 [ERROR] could not set window position for HWND(0x9026a): Access is denied. (0x80070005)
10:32:44 [ERROR] could not set window position for HWND(0x9026a): Access is denied. (0x80070005)
23:45:25 [INFO] starting tacky-borders
23:45:25 [INFO] border is disabled for HWND(0x10612)
23:45:25 [INFO] border is disabled for HWND(0x1060a)
23:45:58 [ERROR] could not set window position for HWND(0x30310): Access is denied. (0x80070005)
23:45:58 [ERROR] could not set window position for HWND(0x30310): Access is denied. (0x80070005)
23:45:58 [ERROR] could not set window position for HWND(0x30310): Access is denied. (0x80070005)
23:46:46 [ERROR] could not set window position for HWND(0x300bc): Access is denied. (0x80070005)
23:46:46 [ERROR] could not set window position for HWND(0x300bc): Access is denied. (0x80070005)
23:48:23 [ERROR] could not set window position for HWND(0x600bc): Access is denied. (0x80070005)
23:48:23 [ERROR] could not set window position for HWND(0x600bc): Access is denied. (0x80070005)
23:48:23 [ERROR] could not set window position for HWND(0x600bc): Access is denied. (0x80070005)
12:02:01 [INFO] starting tacky-borders
12:02:01 [INFO] border is disabled for HWND(0x1051e)
12:02:01 [INFO] border is disabled for HWND(0x10518)
13:51:17 [INFO] border is disabled for HWND(0x2006b8)
13:51:25 [INFO] border is disabled for HWND(0x2006b8)
